<?xml version="1.0" encoding="UTF-8"?>
<!-- Generated by org.testng.reporters.JUnitReportReporter -->
<testsuite skipped="0" hostname="Biplab" name="testCase.SpiritTest" tests="1" failures="0" timestamp="2020-04-07T11:16:40 CDT" time="57.058" errors="0">
  <testcase name="mPage" time="57.058" classname="testCase.SpiritTest"/>
</testsuite> <!-- testCase.SpiritTest -->
