<?xml version="1.0" encoding="UTF-8"?>
<!-- Generated by org.testng.reporters.JUnitReportReporter -->
<testsuite skipped="0" hostname="Biplab" name="testCase.SpiritTest" tests="1" failures="0" timestamp="2020-05-18T22:50:59 CDT" time="77.758" errors="0">
  <testcase name="mPage" time="77.758" classname="testCase.SpiritTest"/>
</testsuite> <!-- testCase.SpiritTest -->
